2017-09-25 14:55:26 - PHP Notice:  Undefined index: token in C:\xampp\htdocs\thanhtam-dev.oc\admin\controller\extension\module\brainyfilter.php on line 358
2017-09-25 14:55:26 - PHP Notice:  Undefined index: token in C:\xampp\htdocs\thanhtam-dev.oc\admin\controller\extension\module\brainyfilter.php on line 364
2017-09-25 14:55:26 - PHP Notice:  Undefined index: token in C:\xampp\htdocs\thanhtam-dev.oc\admin\controller\extension\module\brainyfilter.php on line 370
2017-09-25 14:55:26 - PHP Notice:  Undefined index: token in C:\xampp\htdocs\thanhtam-dev.oc\admin\controller\extension\module\brainyfilter.php on line 385
2017-09-25 14:55:26 - PHP Notice:  Undefined index: token in C:\xampp\htdocs\thanhtam-dev.oc\admin\controller\extension\module\brainyfilter.php on line 386
2017-09-25 14:55:26 - PHP Notice:  Undefined index: token in C:\xampp\htdocs\thanhtam-dev.oc\admin\controller\extension\module\brainyfilter.php on line 387
2017-09-25 14:55:26 - PHP Notice:  Undefined index: token in C:\xampp\htdocs\thanhtam-dev.oc\admin\controller\extension\module\brainyfilter.php on line 388
2017-09-25 14:55:26 - PHP Notice:  Undefined index: token in C:\xampp\htdocs\thanhtam-dev.oc\admin\controller\extension\module\brainyfilter.php on line 389
2017-09-25 14:55:26 - PHP Notice:  Undefined index: token in C:\xampp\htdocs\thanhtam-dev.oc\admin\controller\extension\module\brainyfilter.php on line 390
2017-09-25 14:55:26 - PHP Notice:  Undefined index: token in C:\xampp\htdocs\thanhtam-dev.oc\admin\controller\extension\module\brainyfilter.php on line 391
2017-09-25 15:08:54 - PHP Warning:  unlink(C:/xampp/htdocs/thanhtam-dev.oc/system/storage/cache/cache.catalog.common.menu.1506353934): Resource temporarily unavailable in C:\xampp\htdocs\thanhtam-dev.oc\system\library\cache\file.php on line 68
2017-09-25 15:48:07 - PHP Warning:  unlink(C:/xampp/htdocs/thanhtam-dev.oc/system/storage/cache/cache.store.1506356283): No such file or directory in C:\xampp\htdocs\thanhtam-dev.oc\system\library\cache\file.php on line 68
2017-09-26 5:43:03 - PHP Warning:  mysqli::__construct(): (HY000/2002): No connection could be made because the target machine actively refused it.
 in C:\xampp\htdocs\thanhtam-dev.oc\system\library\db\mysqli.php on line 7
2017-09-26 5:43:03 - PHP Warning:  DB\MySQLi::__construct(): Couldn't fetch mysqli in C:\xampp\htdocs\thanhtam-dev.oc\system\library\db\mysqli.php on line 10
2017-09-26 5:43:03 - PHP Warning:  DB\MySQLi::__construct(): Couldn't fetch mysqli in C:\xampp\htdocs\thanhtam-dev.oc\system\library\db\mysqli.php on line 10
2017-09-26 5:43:10 - PHP Warning:  mysqli::__construct(): (HY000/2002): No connection could be made because the target machine actively refused it.
 in C:\xampp\htdocs\thanhtam-dev.oc\system\library\db\mysqli.php on line 7
2017-09-26 5:43:10 - PHP Warning:  DB\MySQLi::__construct(): Couldn't fetch mysqli in C:\xampp\htdocs\thanhtam-dev.oc\system\library\db\mysqli.php on line 10
2017-09-26 5:43:10 - PHP Warning:  DB\MySQLi::__construct(): Couldn't fetch mysqli in C:\xampp\htdocs\thanhtam-dev.oc\system\library\db\mysqli.php on line 10
2017-09-26 5:43:13 - PHP Warning:  mysqli::__construct(): (HY000/2002): No connection could be made because the target machine actively refused it.
 in C:\xampp\htdocs\thanhtam-dev.oc\system\library\db\mysqli.php on line 7
2017-09-26 5:43:13 - PHP Warning:  DB\MySQLi::__construct(): Couldn't fetch mysqli in C:\xampp\htdocs\thanhtam-dev.oc\system\library\db\mysqli.php on line 10
2017-09-26 5:43:13 - PHP Warning:  DB\MySQLi::__construct(): Couldn't fetch mysqli in C:\xampp\htdocs\thanhtam-dev.oc\system\library\db\mysqli.php on line 10
2017-09-26 5:43:28 - PHP Warning:  mysqli::__construct(): (HY000/2002): No connection could be made because the target machine actively refused it.
 in C:\xampp\htdocs\thanhtam-dev.oc\system\library\db\mysqli.php on line 7
2017-09-26 5:43:28 - PHP Warning:  DB\MySQLi::__construct(): Couldn't fetch mysqli in C:\xampp\htdocs\thanhtam-dev.oc\system\library\db\mysqli.php on line 10
2017-09-26 5:43:28 - PHP Warning:  DB\MySQLi::__construct(): Couldn't fetch mysqli in C:\xampp\htdocs\thanhtam-dev.oc\system\library\db\mysqli.php on line 10
2017-09-26 5:43:30 - PHP Warning:  mysqli::__construct(): (HY000/2002): No connection could be made because the target machine actively refused it.
 in C:\xampp\htdocs\thanhtam-dev.oc\system\library\db\mysqli.php on line 7
2017-09-26 5:43:30 - PHP Warning:  DB\MySQLi::__construct(): Couldn't fetch mysqli in C:\xampp\htdocs\thanhtam-dev.oc\system\library\db\mysqli.php on line 10
2017-09-26 5:43:30 - PHP Warning:  DB\MySQLi::__construct(): Couldn't fetch mysqli in C:\xampp\htdocs\thanhtam-dev.oc\system\library\db\mysqli.php on line 10
2017-09-26 5:43:34 - PHP Warning:  mysqli::__construct(): (HY000/2002): No connection could be made because the target machine actively refused it.
 in C:\xampp\htdocs\thanhtam-dev.oc\system\library\db\mysqli.php on line 7
2017-09-26 5:43:34 - PHP Warning:  DB\MySQLi::__construct(): Couldn't fetch mysqli in C:\xampp\htdocs\thanhtam-dev.oc\system\library\db\mysqli.php on line 10
2017-09-26 5:43:34 - PHP Warning:  DB\MySQLi::__construct(): Couldn't fetch mysqli in C:\xampp\htdocs\thanhtam-dev.oc\system\library\db\mysqli.php on line 10
2017-09-26 5:43:38 - PHP Warning:  mysqli::__construct(): (HY000/2002): No connection could be made because the target machine actively refused it.
 in C:\xampp\htdocs\thanhtam-dev.oc\system\library\db\mysqli.php on line 7
2017-09-26 5:43:38 - PHP Warning:  DB\MySQLi::__construct(): Couldn't fetch mysqli in C:\xampp\htdocs\thanhtam-dev.oc\system\library\db\mysqli.php on line 10
2017-09-26 5:43:38 - PHP Warning:  DB\MySQLi::__construct(): Couldn't fetch mysqli in C:\xampp\htdocs\thanhtam-dev.oc\system\library\db\mysqli.php on line 10
2017-09-26 5:43:42 - PHP Warning:  mysqli::__construct(): (HY000/2002): No connection could be made because the target machine actively refused it.
 in C:\xampp\htdocs\thanhtam-dev.oc\system\library\db\mysqli.php on line 7
2017-09-26 5:43:42 - PHP Warning:  DB\MySQLi::__construct(): Couldn't fetch mysqli in C:\xampp\htdocs\thanhtam-dev.oc\system\library\db\mysqli.php on line 10
2017-09-26 5:43:42 - PHP Warning:  DB\MySQLi::__construct(): Couldn't fetch mysqli in C:\xampp\htdocs\thanhtam-dev.oc\system\library\db\mysqli.php on line 10
2017-09-26 5:43:47 - PHP Warning:  mysqli::__construct(): (HY000/2002): No connection could be made because the target machine actively refused it.
 in C:\xampp\htdocs\thanhtam-dev.oc\system\library\db\mysqli.php on line 7
2017-09-26 5:43:47 - PHP Warning:  DB\MySQLi::__construct(): Couldn't fetch mysqli in C:\xampp\htdocs\thanhtam-dev.oc\system\library\db\mysqli.php on line 10
2017-09-26 5:43:47 - PHP Warning:  DB\MySQLi::__construct(): Couldn't fetch mysqli in C:\xampp\htdocs\thanhtam-dev.oc\system\library\db\mysqli.php on line 10
2017-09-26 5:44:00 - PHP Warning:  mysqli::__construct(): (HY000/2002): No connection could be made because the target machine actively refused it.
 in C:\xampp\htdocs\thanhtam-dev.oc\system\library\db\mysqli.php on line 7
2017-09-26 5:44:00 - PHP Warning:  DB\MySQLi::__construct(): Couldn't fetch mysqli in C:\xampp\htdocs\thanhtam-dev.oc\system\library\db\mysqli.php on line 10
2017-09-26 5:44:00 - PHP Warning:  DB\MySQLi::__construct(): Couldn't fetch mysqli in C:\xampp\htdocs\thanhtam-dev.oc\system\library\db\mysqli.php on line 10
2017-09-26 5:44:03 - PHP Warning:  mysqli::__construct(): (HY000/2002): No connection could be made because the target machine actively refused it.
 in C:\xampp\htdocs\thanhtam-dev.oc\system\library\db\mysqli.php on line 7
2017-09-26 5:44:03 - PHP Warning:  DB\MySQLi::__construct(): Couldn't fetch mysqli in C:\xampp\htdocs\thanhtam-dev.oc\system\library\db\mysqli.php on line 10
2017-09-26 5:44:03 - PHP Warning:  DB\MySQLi::__construct(): Couldn't fetch mysqli in C:\xampp\htdocs\thanhtam-dev.oc\system\library\db\mysqli.php on line 10
2017-09-26 5:44:06 - PHP Warning:  mysqli::__construct(): (HY000/2002): No connection could be made because the target machine actively refused it.
 in C:\xampp\htdocs\thanhtam-dev.oc\system\library\db\mysqli.php on line 7
2017-09-26 5:44:06 - PHP Warning:  DB\MySQLi::__construct(): Couldn't fetch mysqli in C:\xampp\htdocs\thanhtam-dev.oc\system\library\db\mysqli.php on line 10
2017-09-26 5:44:06 - PHP Warning:  DB\MySQLi::__construct(): Couldn't fetch mysqli in C:\xampp\htdocs\thanhtam-dev.oc\system\library\db\mysqli.php on line 10
2017-09-26 5:44:22 - PHP Warning:  mysqli::__construct(): (HY000/2002): No connection could be made because the target machine actively refused it.
 in C:\xampp\htdocs\thanhtam-dev.oc\system\library\db\mysqli.php on line 7
2017-09-26 5:44:22 - PHP Warning:  DB\MySQLi::__construct(): Couldn't fetch mysqli in C:\xampp\htdocs\thanhtam-dev.oc\system\library\db\mysqli.php on line 10
2017-09-26 5:44:22 - PHP Warning:  DB\MySQLi::__construct(): Couldn't fetch mysqli in C:\xampp\htdocs\thanhtam-dev.oc\system\library\db\mysqli.php on line 10
2017-09-26 5:44:25 - PHP Warning:  mysqli::__construct(): (HY000/2002): No connection could be made because the target machine actively refused it.
 in C:\xampp\htdocs\thanhtam-dev.oc\system\library\db\mysqli.php on line 7
2017-09-26 5:44:25 - PHP Warning:  DB\MySQLi::__construct(): Couldn't fetch mysqli in C:\xampp\htdocs\thanhtam-dev.oc\system\library\db\mysqli.php on line 10
2017-09-26 5:44:25 - PHP Warning:  DB\MySQLi::__construct(): Couldn't fetch mysqli in C:\xampp\htdocs\thanhtam-dev.oc\system\library\db\mysqli.php on line 10
2017-09-26 5:44:30 - PHP Warning:  mysqli::__construct(): (HY000/2002): No connection could be made because the target machine actively refused it.
 in C:\xampp\htdocs\thanhtam-dev.oc\system\library\db\mysqli.php on line 7
2017-09-26 5:44:30 - PHP Warning:  DB\MySQLi::__construct(): Couldn't fetch mysqli in C:\xampp\htdocs\thanhtam-dev.oc\system\library\db\mysqli.php on line 10
2017-09-26 5:44:30 - PHP Warning:  DB\MySQLi::__construct(): Couldn't fetch mysqli in C:\xampp\htdocs\thanhtam-dev.oc\system\library\db\mysqli.php on line 10
2017-09-26 5:44:35 - PHP Warning:  mysqli::__construct(): (HY000/2002): No connection could be made because the target machine actively refused it.
 in C:\xampp\htdocs\thanhtam-dev.oc\system\library\db\mysqli.php on line 7
2017-09-26 5:44:35 - PHP Warning:  DB\MySQLi::__construct(): Couldn't fetch mysqli in C:\xampp\htdocs\thanhtam-dev.oc\system\library\db\mysqli.php on line 10
2017-09-26 5:44:35 - PHP Warning:  DB\MySQLi::__construct(): Couldn't fetch mysqli in C:\xampp\htdocs\thanhtam-dev.oc\system\library\db\mysqli.php on line 10
2017-09-26 12:22:16 - PHP Warning:  mysqli::__construct(): (HY000/2002): No connection could be made because the target machine actively refused it.
 in C:\xampp\htdocs\thanhtam-dev.oc\system\library\db\mysqli.php on line 7
2017-09-26 12:22:17 - PHP Warning:  DB\MySQLi::__construct(): Couldn't fetch mysqli in C:\xampp\htdocs\thanhtam-dev.oc\system\library\db\mysqli.php on line 10
2017-09-26 12:22:17 - PHP Warning:  DB\MySQLi::__construct(): Couldn't fetch mysqli in C:\xampp\htdocs\thanhtam-dev.oc\system\library\db\mysqli.php on line 10
2017-09-29 14:59:40 - PHP Warning:  mail(): Failed to connect to mailserver at &quot;localhost&quot; port 25, verify your &quot;SMTP&quot; and &quot;smtp_port&quot; setting in php.ini or use ini_set() in C:\xampp\htdocs\thanhtam-dev.oc\system\library\mail\mail.php on line 77
2017-09-29 15:01:54 - PHP Warning:  unlink(C:/xampp/htdocs/thanhtam-dev.oc/system/storage/cache/cache.catalog.module.featured_product.1506699114): Resource temporarily unavailable in C:\xampp\htdocs\thanhtam-dev.oc\system\library\cache\file.php on line 68
2017-09-29 15:01:54 - PHP Warning:  unlink(C:/xampp/htdocs/thanhtam-dev.oc/system/storage/cache/cache.product.category.20.1506699114): Resource temporarily unavailable in C:\xampp\htdocs\thanhtam-dev.oc\system\library\cache\file.php on line 68
2017-09-29 15:01:54 - PHP Warning:  unlink(C:/xampp/htdocs/thanhtam-dev.oc/system/storage/cache/cache.product.product_as_category.20.1506699114): Resource temporarily unavailable in C:\xampp\htdocs\thanhtam-dev.oc\system\library\cache\file.php on line 68
2017-09-29 15:01:54 - PHP Warning:  fopen(C:/xampp/htdocs/thanhtam-dev.oc/system/storage/cache/cache.product.product_as_category.25.1506699114): failed to open stream: No such file or directory in C:\xampp\htdocs\thanhtam-dev.oc\system\library\cache\file.php on line 28
2017-09-29 15:01:54 - PHP Warning:  flock() expects parameter 1 to be resource, boolean given in C:\xampp\htdocs\thanhtam-dev.oc\system\library\cache\file.php on line 30
2017-09-29 15:01:54 - PHP Warning:  filesize(): stat failed for C:/xampp/htdocs/thanhtam-dev.oc/system/storage/cache/cache.product.product_as_category.25.1506699114 in C:\xampp\htdocs\thanhtam-dev.oc\system\library\cache\file.php on line 32
2017-09-29 15:01:54 - PHP Warning:  fread() expects parameter 1 to be resource, boolean given in C:\xampp\htdocs\thanhtam-dev.oc\system\library\cache\file.php on line 32
2017-09-29 15:01:54 - PHP Warning:  flock() expects parameter 1 to be resource, boolean given in C:\xampp\htdocs\thanhtam-dev.oc\system\library\cache\file.php on line 34
2017-09-29 15:01:54 - PHP Warning:  fclose() expects parameter 1 to be resource, boolean given in C:\xampp\htdocs\thanhtam-dev.oc\system\library\cache\file.php on line 36
2017-09-30 14:06:18 - PHP Warning:  mail(): Failed to connect to mailserver at &quot;localhost&quot; port 25, verify your &quot;SMTP&quot; and &quot;smtp_port&quot; setting in php.ini or use ini_set() in C:\xampp\htdocs\thanhtam-dev.oc\system\library\mail\mail.php on line 77
2017-09-30 14:12:25 - PHP Warning:  unlink(C:/xampp/htdocs/thanhtam-dev.oc/system/storage/cache/cache.catalog.language.1506782545): No such file or directory in C:\xampp\htdocs\thanhtam-dev.oc\system\library\cache\file.php on line 68
2017-09-30 14:18:31 - PHP Warning:  mail(): Failed to connect to mailserver at &quot;localhost&quot; port 25, verify your &quot;SMTP&quot; and &quot;smtp_port&quot; setting in php.ini or use ini_set() in C:\xampp\htdocs\thanhtam-dev.oc\system\library\mail\mail.php on line 77
2017-09-30 14:18:32 - PHP Warning:  mail(): Failed to connect to mailserver at &quot;localhost&quot; port 25, verify your &quot;SMTP&quot; and &quot;smtp_port&quot; setting in php.ini or use ini_set() in C:\xampp\htdocs\thanhtam-dev.oc\system\library\mail\mail.php on line 77
2017-10-01 3:00:08 - PHP Warning:  unlink(C:/xampp/htdocs/thanhtam-dev.oc/system/storage/cache/cache.country.catalog.1506786005): Permission denied in C:\xampp\htdocs\thanhtam-dev.oc\system\library\cache\file.php on line 17
2017-10-02 5:30:45 - PHP Warning:  mysqli::__construct(): (HY000/2002): No connection could be made because the target machine actively refused it.
 in C:\xampp\htdocs\thanhtam-dev.oc\system\library\db\mysqli.php on line 7
2017-10-02 5:30:45 - PHP Warning:  DB\MySQLi::__construct(): Couldn't fetch mysqli in C:\xampp\htdocs\thanhtam-dev.oc\system\library\db\mysqli.php on line 10
2017-10-02 5:30:45 - PHP Warning:  DB\MySQLi::__construct(): Couldn't fetch mysqli in C:\xampp\htdocs\thanhtam-dev.oc\system\library\db\mysqli.php on line 10
2017-10-02 12:24:21 - PHP Warning:  mysqli::__construct(): (HY000/2002): No connection could be made because the target machine actively refused it.
 in C:\xampp\htdocs\thanhtam-dev.oc\system\library\db\mysqli.php on line 7
2017-10-02 12:24:21 - PHP Warning:  DB\MySQLi::__construct(): Couldn't fetch mysqli in C:\xampp\htdocs\thanhtam-dev.oc\system\library\db\mysqli.php on line 10
2017-10-02 12:24:21 - PHP Warning:  DB\MySQLi::__construct(): Couldn't fetch mysqli in C:\xampp\htdocs\thanhtam-dev.oc\system\library\db\mysqli.php on line 10
2017-10-05 12:49:58 - PHP Warning:  mysqli::__construct(): (HY000/2002): No connection could be made because the target machine actively refused it.
 in C:\xampp\htdocs\thanhtam-dev.oc\system\library\db\mysqli.php on line 7
2017-10-05 12:49:58 - PHP Warning:  DB\MySQLi::__construct(): Couldn't fetch mysqli in C:\xampp\htdocs\thanhtam-dev.oc\system\library\db\mysqli.php on line 10
2017-10-05 12:49:58 - PHP Warning:  DB\MySQLi::__construct(): Couldn't fetch mysqli in C:\xampp\htdocs\thanhtam-dev.oc\system\library\db\mysqli.php on line 10
2017-10-11 14:23:48 - PHP Warning:  mysqli::__construct(): (HY000/2002): No connection could be made because the target machine actively refused it.
 in C:\xampp\htdocs\thanhtam-dev.oc\system\library\db\mysqli.php on line 7
2017-10-11 14:23:48 - PHP Warning:  DB\MySQLi::__construct(): Couldn't fetch mysqli in C:\xampp\htdocs\thanhtam-dev.oc\system\library\db\mysqli.php on line 10
2017-10-11 14:23:48 - PHP Warning:  DB\MySQLi::__construct(): Couldn't fetch mysqli in C:\xampp\htdocs\thanhtam-dev.oc\system\library\db\mysqli.php on line 10
2017-10-13 0:55:10 - PHP Warning:  mysqli::__construct(): (HY000/2002): No connection could be made because the target machine actively refused it.
 in C:\xampp\htdocs\thanhtam-dev.oc\system\library\db\mysqli.php on line 7
2017-10-13 0:55:10 - PHP Warning:  DB\MySQLi::__construct(): Couldn't fetch mysqli in C:\xampp\htdocs\thanhtam-dev.oc\system\library\db\mysqli.php on line 10
2017-10-13 0:55:10 - PHP Warning:  DB\MySQLi::__construct(): Couldn't fetch mysqli in C:\xampp\htdocs\thanhtam-dev.oc\system\library\db\mysqli.php on line 10
2017-10-13 0:55:10 - PHP Warning:  DB\MySQLi::__construct(): Couldn't fetch mysqli in C:\xampp\htdocs\thanhtam-dev.oc\system\library\db\mysqli.php on line 10
2017-10-13 0:55:15 - PHP Warning:  mysqli::__construct(): (HY000/2002): No connection could be made because the target machine actively refused it.
 in C:\xampp\htdocs\thanhtam-dev.oc\system\library\db\mysqli.php on line 7
2017-10-13 0:55:15 - PHP Warning:  DB\MySQLi::__construct(): Couldn't fetch mysqli in C:\xampp\htdocs\thanhtam-dev.oc\system\library\db\mysqli.php on line 10
2017-10-13 0:55:15 - PHP Warning:  DB\MySQLi::__construct(): Couldn't fetch mysqli in C:\xampp\htdocs\thanhtam-dev.oc\system\library\db\mysqli.php on line 10
2017-10-13 0:55:21 - PHP Warning:  mysqli::__construct(): (HY000/2002): No connection could be made because the target machine actively refused it.
 in C:\xampp\htdocs\thanhtam-dev.oc\system\library\db\mysqli.php on line 7
2017-10-13 0:55:21 - PHP Warning:  DB\MySQLi::__construct(): Couldn't fetch mysqli in C:\xampp\htdocs\thanhtam-dev.oc\system\library\db\mysqli.php on line 10
2017-10-13 0:55:21 - PHP Warning:  DB\MySQLi::__construct(): Couldn't fetch mysqli in C:\xampp\htdocs\thanhtam-dev.oc\system\library\db\mysqli.php on line 10
2017-10-13 0:55:26 - PHP Warning:  mysqli::__construct(): (HY000/2002): No connection could be made because the target machine actively refused it.
 in C:\xampp\htdocs\thanhtam-dev.oc\system\library\db\mysqli.php on line 7
2017-10-13 0:55:26 - PHP Warning:  DB\MySQLi::__construct(): Couldn't fetch mysqli in C:\xampp\htdocs\thanhtam-dev.oc\system\library\db\mysqli.php on line 10
2017-10-13 0:55:26 - PHP Warning:  DB\MySQLi::__construct(): Couldn't fetch mysqli in C:\xampp\htdocs\thanhtam-dev.oc\system\library\db\mysqli.php on line 10
2017-10-13 7:55:01 - PHP Warning:  fopen(C:/xampp/htdocs/thanhtam-dev.oc/system/storage/cache/cache.catalog.module.featured_product.1507883101): failed to open stream: Resource temporarily unavailable in C:\xampp\htdocs\thanhtam-dev.oc\system\library\cache\file.php on line 28
2017-10-13 7:55:01 - PHP Warning:  flock() expects parameter 1 to be resource, boolean given in C:\xampp\htdocs\thanhtam-dev.oc\system\library\cache\file.php on line 30
2017-10-13 7:55:01 - PHP Warning:  fread() expects parameter 1 to be resource, boolean given in C:\xampp\htdocs\thanhtam-dev.oc\system\library\cache\file.php on line 32
2017-10-13 7:55:01 - PHP Warning:  flock() expects parameter 1 to be resource, boolean given in C:\xampp\htdocs\thanhtam-dev.oc\system\library\cache\file.php on line 34
2017-10-13 7:55:01 - PHP Warning:  fclose() expects parameter 1 to be resource, boolean given in C:\xampp\htdocs\thanhtam-dev.oc\system\library\cache\file.php on line 36
2017-10-13 7:55:02 - PHP Warning:  unlink(C:/xampp/htdocs/thanhtam-dev.oc/system/storage/cache/cache.product.category.20.1507883102): Resource temporarily unavailable in C:\xampp\htdocs\thanhtam-dev.oc\system\library\cache\file.php on line 68
2017-10-13 7:55:02 - PHP Warning:  unlink(C:/xampp/htdocs/thanhtam-dev.oc/system/storage/cache/cache.product.product_as_category.20.1507883102): Resource temporarily unavailable in C:\xampp\htdocs\thanhtam-dev.oc\system\library\cache\file.php on line 68
2017-10-13 7:55:02 - PHP Warning:  unlink(C:/xampp/htdocs/thanhtam-dev.oc/system/storage/cache/cache.product.product_as_category.25.1507883102): Resource temporarily unavailable in C:\xampp\htdocs\thanhtam-dev.oc\system\library\cache\file.php on line 68
2017-10-13 7:55:03 - PHP Warning:  unlink(C:/xampp/htdocs/thanhtam-dev.oc/system/storage/cache/cache.catalog.common.menu.1507883103): Resource temporarily unavailable in C:\xampp\htdocs\thanhtam-dev.oc\system\library\cache\file.php on line 68
2017-10-13 7:55:03 - PHP Warning:  fopen(C:/xampp/htdocs/thanhtam-dev.oc/system/storage/cache/cache.catalog.extension.module.slideshow9.1507883103): failed to open stream: Resource temporarily unavailable in C:\xampp\htdocs\thanhtam-dev.oc\system\library\cache\file.php on line 28
2017-10-13 7:55:03 - PHP Warning:  flock() expects parameter 1 to be resource, boolean given in C:\xampp\htdocs\thanhtam-dev.oc\system\library\cache\file.php on line 30
2017-10-13 7:55:03 - PHP Warning:  filesize(): stat failed for C:/xampp/htdocs/thanhtam-dev.oc/system/storage/cache/cache.catalog.extension.module.slideshow9.1507883103 in C:\xampp\htdocs\thanhtam-dev.oc\system\library\cache\file.php on line 32
2017-10-13 7:55:03 - PHP Warning:  fread() expects parameter 1 to be resource, boolean given in C:\xampp\htdocs\thanhtam-dev.oc\system\library\cache\file.php on line 32
2017-10-13 7:55:03 - PHP Warning:  flock() expects parameter 1 to be resource, boolean given in C:\xampp\htdocs\thanhtam-dev.oc\system\library\cache\file.php on line 34
2017-10-13 7:55:03 - PHP Warning:  fclose() expects parameter 1 to be resource, boolean given in C:\xampp\htdocs\thanhtam-dev.oc\system\library\cache\file.php on line 36
2017-10-13 7:55:03 - PHP Warning:  Invalid argument supplied for foreach() in C:\xampp\htdocs\thanhtam-dev.oc\catalog\controller\extension\module\slideshow.php on line 22
2017-10-13 13:16:32 - PHP Warning:  mysqli::__construct(): (HY000/2002): No connection could be made because the target machine actively refused it.
 in C:\xampp\htdocs\thanhtam-dev.oc\system\library\db\mysqli.php on line 7
2017-10-13 13:16:33 - PHP Warning:  DB\MySQLi::__construct(): Couldn't fetch mysqli in C:\xampp\htdocs\thanhtam-dev.oc\system\library\db\mysqli.php on line 10
2017-10-13 13:16:33 - PHP Warning:  DB\MySQLi::__construct(): Couldn't fetch mysqli in C:\xampp\htdocs\thanhtam-dev.oc\system\library\db\mysqli.php on line 10
2017-10-14 3:07:27 - PHP Warning:  unlink(C:/xampp/htdocs/thanhtam-dev.oc/system/storage/cache/cache.product.category.20.1507952247): Resource temporarily unavailable in C:\xampp\htdocs\thanhtam-dev.oc\system\library\cache\file.php on line 68
2017-10-14 3:07:27 - PHP Warning:  unlink(C:/xampp/htdocs/thanhtam-dev.oc/system/storage/cache/cache.catalog.extension.module.slideshow9.1507952247): Resource temporarily unavailable in C:\xampp\htdocs\thanhtam-dev.oc\system\library\cache\file.php on line 68
2017-10-15 2:09:54 - PHP Warning:  unlink(C:/xampp/htdocs/thanhtam-dev.oc/system/storage/cache/cache.catalog.extension.module.slideshow9.1507999025): Permission denied in C:\xampp\htdocs\thanhtam-dev.oc\system\library\cache\file.php on line 17
2017-10-16 13:25:45 - PHP Warning:  mysqli::__construct(): (HY000/2002): No connection could be made because the target machine actively refused it.
 in C:\xampp\htdocs\thanhtam-dev.oc\system\library\db\mysqli.php on line 7
2017-10-16 13:25:45 - PHP Warning:  DB\MySQLi::__construct(): Couldn't fetch mysqli in C:\xampp\htdocs\thanhtam-dev.oc\system\library\db\mysqli.php on line 10
2017-10-16 13:25:45 - PHP Warning:  DB\MySQLi::__construct(): Couldn't fetch mysqli in C:\xampp\htdocs\thanhtam-dev.oc\system\library\db\mysqli.php on line 10
2017-10-16 14:30:46 - PHP Warning:  unlink(C:/xampp/htdocs/thanhtam-dev.oc/system/storage/cache/cache.product.product_as_category.20.1508166046): Resource temporarily unavailable in C:\xampp\htdocs\thanhtam-dev.oc\system\library\cache\file.php on line 68
2017-10-16 14:30:47 - PHP Warning:  unlink(C:/xampp/htdocs/thanhtam-dev.oc/system/storage/cache/cache.catalog.language.1508166047): Resource temporarily unavailable in C:\xampp\htdocs\thanhtam-dev.oc\system\library\cache\file.php on line 68
